<?xml version="1.0" encoding="UTF-8"?>
<testng-results ignored="0" total="1" passed="0" failed="1" skipped="0">
  <reporter-output>
  </reporter-output>
  <suite started-at="2024-12-27T21:32:45 IST" name="Test Suite" finished-at="2024-12-27T21:33:18 IST" duration-ms="32718">
    <groups>
    </groups>
    <test started-at="2024-12-27T21:32:45 IST" name="Test Set" finished-at="2024-12-27T21:33:18 IST" duration-ms="32718">
      <class name="TestCases.CareersChecker">
        <test-method is-config="true" signature="setUp()[pri:0, instance:TestCases.CareersChecker@cc43f62]" started-at="2024-12-27T21:32:45 IST" name="setUp" finished-at="2024-12-27T21:32:45 IST" duration-ms="382" status="PASS">
          <reporter-output>
          </reporter-output>
        </test-method> <!-- setUp -->
        <test-method is-config="true" signature="setUpBrowser()[pri:0, instance:TestCases.CareersChecker@cc43f62]" started-at="2024-12-27T21:32:45 IST" name="setUpBrowser" finished-at="2024-12-27T21:32:51 IST" duration-ms="5828" status="PASS">
          <reporter-output>
          </reporter-output>
        </test-method> <!-- setUpBrowser -->
        <test-method signature="careersInfoAssertion()[pri:0, instance:TestCases.CareersChecker@cc43f62]" started-at="2024-12-27T21:32:51 IST" name="careersInfoAssertion" finished-at="2024-12-27T21:33:17 IST" duration-ms="25527" status="FAIL">
          <exception class="java.lang.AssertionError">
            <message>
              <![CDATA[Titles are  Not Matching expected [eBay Jobs: Careers at eBay] but found [Jobs in Engineering: eBay Careers]]]>
            </message>
            <full-stacktrace>
              <![CDATA[java.lang.AssertionError: Titles are  Not Matching expected [eBay Jobs: Careers at eBay] but found [Jobs in Engineering: eBay Careers]
at org.testng.Assert.fail(Assert.java:111)
at org.testng.Assert.failNotEquals(Assert.java:1578)
at org.testng.Assert.assertEqualsImpl(Assert.java:150)
at org.testng.Assert.assertEquals(Assert.java:132)
at org.testng.Assert.assertEquals(Assert.java:656)
at TestCases.CareersChecker.careersInfoAssertion(CareersChecker.java:44)
at java.base/jdk.internal.reflect.DirectMethodHandleAccessor.invoke(DirectMethodHandleAccessor.java:103)
at java.base/java.lang.reflect.Method.invoke(Method.java:580)
at org.testng.internal.invokers.MethodInvocationHelper.invokeMethod(MethodInvocationHelper.java:141)
at org.testng.internal.invokers.TestInvoker.invokeMethod(TestInvoker.java:686)
at org.testng.internal.invokers.TestInvoker.invokeTestMethod(TestInvoker.java:230)
at org.testng.internal.invokers.MethodRunner.runInSequence(MethodRunner.java:63)
at org.testng.internal.invokers.TestInvoker$MethodInvocationAgent.invoke(TestInvoker.java:992)
at org.testng.internal.invokers.TestInvoker.invokeTestMethods(TestInvoker.java:203)
at org.testng.internal.invokers.TestMethodWorker.invokeTestMethods(TestMethodWorker.java:154)
at org.testng.internal.invokers.TestMethodWorker.run(TestMethodWorker.java:134)
at java.base/java.util.ArrayList.forEach(ArrayList.java:1596)
at org.testng.TestRunner.privateRun(TestRunner.java:739)
at org.testng.TestRunner.run(TestRunner.java:614)
at org.testng.SuiteRunner.runTest(SuiteRunner.java:421)
at org.testng.SuiteRunner.runSequentially(SuiteRunner.java:413)
at org.testng.SuiteRunner.privateRun(SuiteRunner.java:373)
at org.testng.SuiteRunner.run(SuiteRunner.java:312)
at org.testng.SuiteRunnerWorker.runSuite(SuiteRunnerWorker.java:52)
at org.testng.SuiteRunnerWorker.run(SuiteRunnerWorker.java:95)
at org.testng.TestNG.runSuitesSequentially(TestNG.java:1274)
at org.testng.TestNG.runSuitesLocally(TestNG.java:1208)
at org.testng.TestNG.runSuites(TestNG.java:1112)
at org.testng.TestNG.run(TestNG.java:1079)
at org.apache.maven.surefire.testng.TestNGExecutor.run(TestNGExecutor.java:324)
at org.apache.maven.surefire.testng.TestNGXmlTestSuite.execute(TestNGXmlTestSuite.java:74)
at org.apache.maven.surefire.testng.TestNGProvider.invoke(TestNGProvider.java:123)
at org.apache.maven.surefire.booter.ForkedBooter.runSuitesInProcess(ForkedBooter.java:456)
at org.apache.maven.surefire.booter.ForkedBooter.execute(ForkedBooter.java:169)
at org.apache.maven.surefire.booter.ForkedBooter.run(ForkedBooter.java:595)
at org.apache.maven.surefire.booter.ForkedBooter.main(ForkedBooter.java:581)
]]>
            </full-stacktrace>
          </exception> <!-- java.lang.AssertionError -->
          <reporter-output>
          </reporter-output>
        </test-method> <!-- careersInfoAssertion -->
        <test-method is-config="true" signature="captureScreenshotOnFailure(org.testng.ITestResult)[pri:0, instance:TestCases.CareersChecker@cc43f62]" started-at="2024-12-27T21:33:17 IST" name="captureScreenshotOnFailure" finished-at="2024-12-27T21:33:18 IST" duration-ms="772" status="PASS">
          <params>
            <param index="0">
              <value>
                <![CDATA[[TestResult name=careersInfoAssertion status=FAILURE method=CareersChecker.careersInfoAssertion()[pri:0, instance:TestCases.CareersChecker@cc43f62] output={null}]]]>
              </value>
            </param>
          </params>
          <reporter-output>
          </reporter-output>
        </test-method> <!-- captureScreenshotOnFailure -->
        <test-method is-config="true" signature="tearDown()[pri:0, instance:TestCases.CareersChecker@cc43f62]" started-at="2024-12-27T21:33:18 IST" name="tearDown" finished-at="2024-12-27T21:33:18 IST" duration-ms="426" status="PASS">
          <reporter-output>
          </reporter-output>
        </test-method> <!-- tearDown -->
        <test-method is-config="true" signature="tearDownReport()[pri:0, instance:TestCases.CareersChecker@cc43f62]" started-at="2024-12-27T21:33:18 IST" name="tearDownReport" finished-at="2024-12-27T21:33:19 IST" duration-ms="833" status="PASS">
          <reporter-output>
          </reporter-output>
        </test-method> <!-- tearDownReport -->
      </class> <!-- TestCases.CareersChecker -->
    </test> <!-- Test Set -->
  </suite> <!-- Test Suite -->
</testng-results>
