<?xml version="1.0" encoding="UTF-8"?>
<!-- Generated by org.testng.reporters.JUnitXMLReporter -->
<testsuite ignored="0" hostname="DESKTOP-FUGQNF4" failures="1" tests="1" name="Test Set" time="32.718" errors="0" timestamp="2024-12-27T21:33:18 IST">
  <testcase classname="TestCases.CareersChecker" name="careersInfoAssertion" time="25.527">
    <failure type="java.lang.AssertionError" message="Titles are  Not Matching expected [eBay Jobs: Careers at eBay] but found [Jobs in Engineering: eBay Careers]">
      <![CDATA[java.lang.AssertionError: Titles are  Not Matching expected [eBay Jobs: Careers at eBay] but found [Jobs in Engineering: eBay Careers]
at TestCases.CareersChecker.careersInfoAssertion(CareersChecker.java:44)
at java.base/java.util.ArrayList.forEach(ArrayList.java:1596)
... Removed 34 stack frames]]>
    </failure>
  </testcase> <!-- careersInfoAssertion -->
</testsuite> <!-- Test Set -->
